<?xml version="1.0" encoding="UTF-8"?>
<!-- Generated by org.testng.reporters.JUnitReportReporter -->
<testsuite hostname="Arjuns-MacBook-Air.local" failures="0" tests="1" name="test.test" time="3.883" errors="0" timestamp="2023-11-02T19:42:34 IST" skipped="0">
  <testcase classname="test.test" name="load" time="3.883"/>
  <system-out/>
</testsuite> <!-- test.test -->
